{"level":"info","message":"Método - GET Url - /api/players/637e1d92-5c34-476f-a524-383c46fe1b5b Status - 200 Tempo - 11.897 ms\n","timestamp":"2025-03-02T21:53:19.411Z"}
{"level":"info","message":"Não foi enviado os campos necessários","timestamp":"2025-03-02T22:01:33.907Z"}
{"level":"info","message":"Não foi enviado os campos necessários","timestamp":"2025-03-02T22:02:08.393Z"}
{"level":"info","message":"Não foi enviado os campos necessários","timestamp":"2025-03-02T22:02:22.014Z"}
{"level":"info","message":"Não foi enviado os campos necessários","timestamp":"2025-03-02T22:03:00.096Z"}
{"level":"info","message":"Não foi enviado os campos necessários","timestamp":"2025-03-02T22:03:13.989Z"}
{"level":"info","message":"Não foi enviado os campos necessários","timestamp":"2025-03-02T22:03:36.745Z"}
{"level":"info","message":"Não foi enviado os campos necessários","timestamp":"2025-03-02T22:04:52.896Z"}
{"level":"info","message":"Não foi enviado os campos necessários","timestamp":"2025-03-02T22:05:30.912Z"}
{"level":"info","message":"Não foi enviado os campos necessários","timestamp":"2025-03-02T22:05:51.898Z"}
{"level":"info","message":"Não foi enviado os campos necessários","timestamp":"2025-03-02T22:06:58.377Z"}
{"level":"info","message":"Não foi enviado os campos necessários","timestamp":"2025-03-02T22:07:06.687Z"}
{"level":"info","message":"Não foi enviado os campos necessários","timestamp":"2025-03-02T22:08:45.074Z"}
{"level":"info","message":"Não foi enviado os campos necessários","timestamp":"2025-03-02T22:08:57.479Z"}
{"level":"info","message":"Não foi enviado os campos necessários","timestamp":"2025-03-02T22:09:25.144Z"}
{"level":"info","message":"Não foi enviado os campos necessários","timestamp":"2025-03-02T22:09:38.237Z"}
{"level":"info","message":"Não foi enviado os campos necessários","timestamp":"2025-03-02T22:09:47.480Z"}
{"level":"info","message":"Método - POST Url - /api/matches Status - 200 Tempo - 5.870 ms\n","timestamp":"2025-03-02T22:09:47.487Z"}
{"level":"info","message":"Não foi enviado os campos necessários","timestamp":"2025-03-02T22:10:58.581Z"}
{"level":"info","message":"Método - POST Url - /api/matches Status - 200 Tempo - 5.709 ms\n","timestamp":"2025-03-02T22:10:58.587Z"}
{"level":"info","message":"Não foi enviado os campos necessários","timestamp":"2025-03-02T22:13:28.738Z"}
{"level":"info","message":"Método - POST Url - /api/matches Status - 500 Tempo - 5.966 ms\n","timestamp":"2025-03-02T22:13:28.744Z"}
{"level":"info","message":"Não foi enviado os campos necessários","timestamp":"2025-03-02T22:15:15.754Z"}
{"level":"info","message":"Método - POST Url - /api/matches Status - 500 Tempo - 3.338 ms\n","timestamp":"2025-03-02T22:15:15.758Z"}
{"level":"info","message":"Método - GET Url - /api/players/637e1d92-5c34-476f-a524-383c46fe1b5b Status - 200 Tempo - 13.971 ms\n","timestamp":"2025-03-02T22:15:22.349Z"}
{"level":"info","message":"Método - POST Url - /api/players Status - 200 Tempo - 54.826 ms\n","timestamp":"2025-03-02T22:15:34.705Z"}
{"level":"info","message":"Método - GET Url - /api/players/4c941ac5-0435-4702-91f5-b8afc0baf4ec Status - 200 Tempo - 5.597 ms\n","timestamp":"2025-03-02T22:15:41.351Z"}
{"level":"info","message":"Método - GET Url - /api/players/4c941ac5-0435-4702-91f5-b8afc0baf4ec Status - 200 Tempo - 15.665 ms\n","timestamp":"2025-03-02T22:16:25.975Z"}
{"level":"info","message":"Método - GET Url - /api/players/4c941ac5-0435-4702-91f5-b8afc0baf4ec Status - 200 Tempo - 11.090 ms\n","timestamp":"2025-03-02T22:17:04.546Z"}
{"level":"info","message":"Método - GET Url - /api/players/4c941ac5-0435-4702-91f5-b8afc0baf4ec Status - 200 Tempo - 11.611 ms\n","timestamp":"2025-03-02T22:17:14.265Z"}
{"level":"info","message":"Método - GET Url - /api/players/4c941ac5-0435-4702-91f5-b8afc0baf4ec Status - 200 Tempo - 14.400 ms\n","timestamp":"2025-03-02T22:17:27.510Z"}
{"level":"info","message":"Método - GET Url - /api/players/4c941ac5-0435-4702-91f5-b8afc0baf4ec Status - 200 Tempo - 7.568 ms\n","timestamp":"2025-03-02T22:17:35.692Z"}
{"level":"info","message":"Método - GET Url - /api/players/4c941ac5-0435-4702-91f5-b8afc0baf4ec Status - 200 Tempo - 13.308 ms\n","timestamp":"2025-03-02T22:18:09.899Z"}
{"level":"info","message":"Método - GET Url - /api/players/4c941ac5-0435-4702-91f5-b8afc0baf4ec Status - 200 Tempo - 16.253 ms\n","timestamp":"2025-03-02T22:19:03.095Z"}
{"level":"info","message":"Método - GET Url - /api/players/4c941ac5-0435-4702-91f5-b8afc0baf4ec Status - 200 Tempo - 12.546 ms\n","timestamp":"2025-03-02T22:20:44.495Z"}
{"level":"info","message":"Método - GET Url - /api/players/4c941ac5-0435-4702-91f5-b8afc0baf4ec Status - 200 Tempo - 21.017 ms\n","timestamp":"2025-03-02T22:21:00.987Z"}
{"level":"info","message":"Método - GET Url - /api/players/4c941ac5-0435-4702-91f5-b8afc0baf4ec Status - 200 Tempo - 13.447 ms\n","timestamp":"2025-03-02T22:22:16.322Z"}
{"level":"info","message":"Método - GET Url - /api/players/4c941ac5-0435-4702-91f5-b8afc0baf4ec Status - 200 Tempo - 16.385 ms\n","timestamp":"2025-03-02T22:23:52.230Z"}
{"level":"info","message":"Não foi enviado os campos necessários","timestamp":"2025-03-02T22:24:00.866Z"}
{"level":"info","message":"Método - POST Url - /api/matches Status - 500 Tempo - 6.183 ms\n","timestamp":"2025-03-02T22:24:00.872Z"}
{"level":"info","message":"Não foi enviado os campos necessários","timestamp":"2025-03-02T22:24:17.991Z"}
{"level":"info","message":"Não foi enviado os campos necessários","timestamp":"2025-03-02T22:24:29.613Z"}
{"level":"info","message":"Não foi enviado os campos necessários","timestamp":"2025-03-02T22:24:42.759Z"}
{"level":"info","message":"Não foi enviado os campos necessários","timestamp":"2025-03-02T22:25:01.030Z"}
{"level":"info","message":"Não foi enviado os campos necessários","timestamp":"2025-03-02T22:26:50.631Z"}
{"level":"info","message":"Não foi enviado os campos necessários","timestamp":"2025-03-02T22:27:19.913Z"}
{"level":"info","message":"Método - POST Url - /api/matches Status - 404 Tempo - 4.259 ms\n","timestamp":"2025-03-02T22:27:19.917Z"}
{"level":"info","message":"Não foi enviado os campos necessários","timestamp":"2025-03-02T22:27:46.685Z"}
{"level":"info","message":"Método - POST Url - /api/matches Status - 500 Tempo - 5.450 ms\n","timestamp":"2025-03-02T22:27:46.690Z"}
{"level":"info","message":"Não foi enviado os campos necessários","timestamp":"2025-03-02T22:27:48.050Z"}
{"level":"info","message":"Método - POST Url - /api/matches Status - 500 Tempo - 2.314 ms\n","timestamp":"2025-03-02T22:27:48.053Z"}
{"level":"info","message":"Não foi enviado os campos necessários","timestamp":"2025-03-02T22:27:48.697Z"}
{"level":"info","message":"Método - POST Url - /api/matches Status - 500 Tempo - 1.573 ms\n","timestamp":"2025-03-02T22:27:48.699Z"}
{"level":"info","message":"Não foi enviado os campos necessários","timestamp":"2025-03-02T22:28:04.547Z"}
{"level":"info","message":"Método - POST Url - /api/matches Status - 500 Tempo - 5.119 ms\n","timestamp":"2025-03-02T22:28:04.553Z"}
{"level":"info","message":"Não foi enviado os campos necessários","timestamp":"2025-03-02T22:28:15.276Z"}
{"level":"info","message":"Método - POST Url - /api/matches Status - 404 Tempo - 4.374 ms\n","timestamp":"2025-03-02T22:28:15.281Z"}
{"level":"info","message":"Método - PUT Url - /api/matches/10 Status - 500 Tempo - 5.089 ms\n","timestamp":"2025-03-02T22:30:20.748Z"}
{"level":"info","message":"Método - PUT Url - /api/matches/10 Status - 500 Tempo - 5.291 ms\n","timestamp":"2025-03-02T22:30:22.459Z"}
{"level":"info","message":"Método - PUT Url - /api/matches/10 Status - 500 Tempo - 8.543 ms\n","timestamp":"2025-03-02T22:30:56.797Z"}
{"level":"info","message":"Método - PUT Url - /api/matches/10 Status - 500 Tempo - 8.133 ms\n","timestamp":"2025-03-02T22:31:30.766Z"}
{"level":"info","message":"Método - PUT Url - /api/matches/10 Status - 500 Tempo - 8.223 ms\n","timestamp":"2025-03-02T22:31:47.653Z"}
{"level":"info","message":"Método - PUT Url - /api/matches/10 Status - 500 Tempo - 10.959 ms\n","timestamp":"2025-03-02T22:32:10.530Z"}
{"level":"info","message":"Não foi enviado os campos necessários","timestamp":"2025-03-02T22:32:13.506Z"}
{"level":"info","message":"Método - POST Url - /api/matches Status - 404 Tempo - 3.085 ms\n","timestamp":"2025-03-02T22:32:13.509Z"}
{"level":"info","message":"Método - PUT Url - /api/matches/10 Status - 500 Tempo - 8.357 ms\n","timestamp":"2025-03-02T22:32:54.921Z"}
{"level":"info","message":"Método - PUT Url - /api/matches/10 Status - 500 Tempo - 7.933 ms\n","timestamp":"2025-03-02T22:33:21.215Z"}
{"level":"info","message":"Método - PUT Url - /api/matches/3 Status - 500 Tempo - 6.436 ms\n","timestamp":"2025-03-02T22:33:31.088Z"}
{"level":"info","message":"Método - PUT Url - /api/matches/3 Status - 500 Tempo - 9.101 ms\n","timestamp":"2025-03-02T22:34:08.997Z"}
{"level":"info","message":"Método - PUT Url - /api/matches/3 Status - 500 Tempo - 8.469 ms\n","timestamp":"2025-03-02T22:34:23.741Z"}
{"level":"info","message":"Método - PUT Url - /api/matches/3 Status - 500 Tempo - 7.178 ms\n","timestamp":"2025-03-02T22:34:32.285Z"}
{"level":"info","message":"Método - PUT Url - /api/matches/10 Status - 500 Tempo - 8.873 ms\n","timestamp":"2025-03-02T22:34:46.607Z"}
{"level":"info","message":"Método - PUT Url - /api/matches/10 Status - 500 Tempo - 8.543 ms\n","timestamp":"2025-03-02T22:35:05.914Z"}
{"level":"info","message":"Método - PUT Url - /api/matches/10 Status - 500 Tempo - 8.961 ms\n","timestamp":"2025-03-02T22:35:16.054Z"}
{"level":"info","message":"Método - PUT Url - /api/matches/3 Status - 500 Tempo - 5.112 ms\n","timestamp":"2025-03-02T22:35:23.050Z"}
{"level":"info","message":"Método - PUT Url - /api/matches/4 Status - 500 Tempo - 4.423 ms\n","timestamp":"2025-03-02T22:35:29.373Z"}
{"level":"info","message":"Método - PUT Url - /api/matches/4 Status - 500 Tempo - 9.668 ms\n","timestamp":"2025-03-02T22:35:43.995Z"}
{"level":"info","message":"Método - POST Url - /api/matches Status - 201 Tempo - 45.570 ms\n","timestamp":"2025-03-02T22:36:31.909Z"}
{"level":"info","message":"Método - PUT Url - /api/matches/4 Status - 404 Tempo - 15.385 ms\n","timestamp":"2025-03-02T22:36:38.210Z"}
{"level":"info","message":"Método - PUT Url - /api/matches/4 Status - 204 Tempo - 18.306 ms\n","timestamp":"2025-03-02T22:36:55.092Z"}
{"level":"info","message":"Método - PUT Url - /api/matches/10 Status - 500 Tempo - 3.111 ms\n","timestamp":"2025-03-02T22:36:58.278Z"}
{"level":"info","message":"Método - PUT Url - /api/matches/10 Status - 500 Tempo - 4.035 ms\n","timestamp":"2025-03-02T22:36:59.310Z"}
{"level":"info","message":"Método - PUT Url - /api/matches/10 Status - 500 Tempo - 3.645 ms\n","timestamp":"2025-03-02T22:37:00.037Z"}
{"level":"info","message":"Método - PUT Url - /api/matches/10 Status - 500 Tempo - 8.274 ms\n","timestamp":"2025-03-02T22:37:12.566Z"}
{"level":"info","message":"Método - PUT Url - /api/matches/4 Status - 204 Tempo - 19.449 ms\n","timestamp":"2025-03-02T22:37:20.737Z"}
{"level":"info","message":"Método - PUT Url - /api/matches/10 Status - 404 Tempo - 8.609 ms\n","timestamp":"2025-03-02T22:37:51.284Z"}
{"level":"info","message":"Método - PUT Url - /api/matches/10 Status - 404 Tempo - 4.703 ms\n","timestamp":"2025-03-02T22:37:52.423Z"}
{"level":"info","message":"Método - POST Url - /api/players Status - 404 Tempo - 2.969 ms\n","timestamp":"2025-03-02T22:40:38.023Z"}
{"level":"info","message":"Método - GET Url - /api/players/4c941ac5-0435-4 Status - 500 Tempo - 32.975 ms\n","timestamp":"2025-03-02T22:40:45.684Z"}
{"level":"info","message":"Método - GET Url - /api/players/4c941ac5-0435-4 Status - 500 Tempo - 4.697 ms\n","timestamp":"2025-03-02T22:40:46.780Z"}
{"level":"info","message":"Método - GET Url - /api/players/4c941ac5-0435-4702-91f5-b8afc0baf4ed Status - 404 Tempo - 4.972 ms\n","timestamp":"2025-03-02T22:40:51.120Z"}
{"level":"info","message":"Método - GET Url - /api/players/4c941ac5-0435-4702-91f5-b8afc0baf4ec Status - 200 Tempo - 5.953 ms\n","timestamp":"2025-03-02T22:40:53.804Z"}
{"level":"info","message":"Método - DELETE Url - /api/players/c203b165-54ae-49ba-8816-54eb2092458c Status - 404 Tempo - 4.570 ms\n","timestamp":"2025-03-02T22:40:57.965Z"}
{"level":"info","message":"Método - DELETE Url - /api/players/c203b165-54ae-49ba-8816-54eb2092458d Status - 404 Tempo - 2.810 ms\n","timestamp":"2025-03-02T22:41:00.883Z"}
{"level":"info","message":"Método - DELETE Url - /api/players/c203b165-54ae-49ba-8816-54eb2092458d Status - 404 Tempo - 3.365 ms\n","timestamp":"2025-03-02T22:41:01.863Z"}
{"level":"info","message":"Método - DELETE Url - /api/players/c203b165-54ae-49ba-8816- Status - 500 Tempo - 3.201 ms\n","timestamp":"2025-03-02T22:41:05.414Z"}
{"level":"info","message":"Método - GET Url - /api/players/4c941ac5-0435-4702-91f5- Status - 500 Tempo - 5.974 ms\n","timestamp":"2025-03-02T22:45:45.089Z"}
{"level":"info","message":"Método - GET Url - /api/players/4c941ac5-0435-4702-91f5- Status - 500 Tempo - 2.090 ms\n","timestamp":"2025-03-02T22:45:47.782Z"}
{"level":"info","message":"Método - GET Url - /api/players/4c941ac5-0435-4702-91f5- Status - 500 Tempo - 5.210 ms\n","timestamp":"2025-03-02T22:45:58.966Z"}
{"level":"info","message":"Método - GET Url - /api/players/4c941ac5-0435-4702-91f5- Status - 404 Tempo - 6.608 ms\n","timestamp":"2025-03-02T22:46:32.326Z"}
{"level":"info","message":"Método - POST Url - /api/teams Status - 404 Tempo - 3.365 ms\n","timestamp":"2025-03-02T22:50:01.613Z"}
{"level":"info","message":"Método - POST Url - /api/players/teams Status - 500 Tempo - 48.532 ms\n","timestamp":"2025-03-02T22:50:16.978Z"}
{"level":"info","message":"Método - POST Url - /api/players/teams Status - 500 Tempo - 10.812 ms\n","timestamp":"2025-03-02T22:51:15.399Z"}
{"level":"info","message":"Método - POST Url - /api/players/teams Status - 404 Tempo - 7.821 ms\n","timestamp":"2025-03-02T22:53:47.260Z"}
{"level":"info","message":"Método - POST Url - /api/players/teams Status - 404 Tempo - 3.963 ms\n","timestamp":"2025-03-02T22:53:52.920Z"}
{"level":"info","message":"Método - POST Url - /api/players/teams Status - 404 Tempo - 4.181 ms\n","timestamp":"2025-03-02T22:53:53.699Z"}
{"level":"info","message":"Método - POST Url - /api/players/teams Status - 404 Tempo - 0.616 ms\n","timestamp":"2025-03-02T22:54:01.196Z"}
{"level":"info","message":"Método - POST Url - /api/players/teams Status - 404 Tempo - 1.341 ms\n","timestamp":"2025-03-02T22:54:01.849Z"}
{"level":"info","message":"Método - POST Url - /api/players/teams Status - 404 Tempo - 0.779 ms\n","timestamp":"2025-03-02T22:54:03.581Z"}
{"level":"info","message":"Método - GET Url - /api/matches Status - 500 Tempo - 3.728 ms\n","timestamp":"2025-03-04T00:04:22.657Z"}
{"level":"info","message":"Método - GET Url - /api/matches Status - 201 Tempo - 14.311 ms\n","timestamp":"2025-03-04T00:04:37.877Z"}
{"level":"info","message":"Método - GET Url - /api/matches Status - 500 Tempo - 5.213 ms\n","timestamp":"2025-03-04T00:05:43.969Z"}
{"level":"info","message":"Método - GET Url - /api/matches Status - 500 Tempo - 6.496 ms\n","timestamp":"2025-03-04T00:05:44.790Z"}
{"level":"info","message":"Método - GET Url - /api/matches Status - 201 Tempo - 12.047 ms\n","timestamp":"2025-03-04T00:05:49.564Z"}
{"level":"info","message":"Método - GET Url - /api/matches Status - 500 Tempo - 2.841 ms\n","timestamp":"2025-03-04T00:06:22.155Z"}
{"level":"info","message":"Método - GET Url - /api/matches Status - 500 Tempo - 2.722 ms\n","timestamp":"2025-03-04T00:06:22.953Z"}
{"level":"info","message":"Método - GET Url - /api/matches Status - 500 Tempo - 6.701 ms\n","timestamp":"2025-03-04T00:07:05.989Z"}
{"level":"info","message":"Método - GET Url - /api/matches Status - 201 Tempo - 17.585 ms\n","timestamp":"2025-03-04T00:07:22.699Z"}
{"level":"info","message":"Método - GET Url - /api/matches Status - 500 Tempo - 23.347 ms\n","timestamp":"2025-03-04T00:10:58.308Z"}
{"level":"info","message":"Método - GET Url - /api/matches Status - 500 Tempo - 5.892 ms\n","timestamp":"2025-03-04T00:10:59.227Z"}
{"level":"info","message":"Método - GET Url - /api/matches Status - 500 Tempo - 6.969 ms\n","timestamp":"2025-03-04T00:14:14.232Z"}
{"level":"info","message":"Método - GET Url - /api/matches Status - 500 Tempo - 1.612 ms\n","timestamp":"2025-03-04T00:14:14.951Z"}
{"level":"info","message":"Método - GET Url - /api/matches Status - 500 Tempo - 8.900 ms\n","timestamp":"2025-03-04T00:14:24.424Z"}
{"level":"info","message":"Método - GET Url - /api/matches Status - 500 Tempo - 3.066 ms\n","timestamp":"2025-03-04T00:14:25.096Z"}
{"level":"info","message":"Método - GET Url - /api/matches Status - 500 Tempo - 9.677 ms\n","timestamp":"2025-03-04T00:14:59.890Z"}
{"level":"info","message":"Método - GET Url - /api/matches Status - 500 Tempo - 6.964 ms\n","timestamp":"2025-03-04T00:15:07.424Z"}
{"level":"info","message":"Método - GET Url - /api/matches Status - 500 Tempo - 17.004 ms\n","timestamp":"2025-03-04T00:15:32.800Z"}
{"level":"info","message":"Método - GET Url - /api/matches Status - 500 Tempo - 2.731 ms\n","timestamp":"2025-03-04T00:17:06.603Z"}
{"level":"info","message":"Método - GET Url - /api/matches Status - 500 Tempo - 10.055 ms\n","timestamp":"2025-03-04T00:17:18.428Z"}
{"level":"info","message":"Método - GET Url - /api/matches Status - 201 Tempo - 14.240 ms\n","timestamp":"2025-03-04T00:17:27.919Z"}
{"level":"info","message":"Método - GET Url - /api/matches Status - 500 Tempo - 8.101 ms\n","timestamp":"2025-03-04T00:24:30.606Z"}
{"level":"info","message":"Método - GET Url - /api/matches Status - 500 Tempo - 1.708 ms\n","timestamp":"2025-03-04T00:24:31.686Z"}
{"level":"info","message":"Método - GET Url - /api/matches Status - 500 Tempo - 5.337 ms\n","timestamp":"2025-03-04T00:24:36.487Z"}
{"level":"info","message":"Método - GET Url - /api/matches Status - 500 Tempo - 8.116 ms\n","timestamp":"2025-03-04T00:25:43.510Z"}
{"level":"info","message":"Método - GET Url - /api/matches Status - 500 Tempo - 2.853 ms\n","timestamp":"2025-03-04T00:25:44.164Z"}
{"level":"info","message":"Método - GET Url - /api/matches Status - 201 Tempo - 14.333 ms\n","timestamp":"2025-03-04T00:26:24.322Z"}
{"level":"info","message":"Método - GET Url - /api/matches/4 Status - 200 Tempo - 37.670 ms\n","timestamp":"2025-03-04T00:33:47.972Z"}
{"level":"info","message":"Método - GET Url - /api/matches/5 Status - 200 Tempo - 5.773 ms\n","timestamp":"2025-03-04T00:33:52.565Z"}
{"level":"info","message":"Método - GET Url - /api/matches/5 Status - 200 Tempo - 4.011 ms\n","timestamp":"2025-03-04T00:33:55.494Z"}
{"level":"info","message":"Método - GET Url - /api/matches/5 Status - 200 Tempo - 7.387 ms\n","timestamp":"2025-03-04T00:34:59.855Z"}
{"level":"info","message":"Método - GET Url - /api/matches/5 Status - 200 Tempo - 13.175 ms\n","timestamp":"2025-03-04T00:35:13.183Z"}
{"level":"info","message":"Método - GET Url - /api/matches Status - 200 Tempo - 11.726 ms\n","timestamp":"2025-03-04T00:35:23.670Z"}
{"level":"info","message":"Método - GET Url - /api/matches/4 Status - 200 Tempo - 44.640 ms\n","timestamp":"2025-03-04T00:37:52.772Z"}
{"level":"info","message":"Método - GET Url - /api/matches/4 Status - 200 Tempo - 15.681 ms\n","timestamp":"2025-03-04T00:40:14.202Z"}
{"level":"info","message":"Método - GET Url - /api/matches Status - 500 Tempo - 6.228 ms\n","timestamp":"2025-03-04T00:40:16.874Z"}
{"level":"info","message":"Método - GET Url - /api/matches Status - 500 Tempo - 3.479 ms\n","timestamp":"2025-03-04T00:40:23.242Z"}
{"level":"info","message":"Método - GET Url - /api/matches Status - 500 Tempo - 3.195 ms\n","timestamp":"2025-03-04T00:40:24.001Z"}
{"level":"info","message":"Método - GET Url - /api/matches Status - 500 Tempo - 7.677 ms\n","timestamp":"2025-03-04T00:40:48.676Z"}
{"level":"info","message":"Método - GET Url - /api/matches Status - 500 Tempo - 2.931 ms\n","timestamp":"2025-03-04T00:40:49.441Z"}
{"level":"info","message":"Método - GET Url - /api/matches Status - 200 Tempo - 13.574 ms\n","timestamp":"2025-03-04T00:40:53.904Z"}
{"level":"info","message":"Método - GET Url - /api/matches Status - 200 Tempo - 4.506 ms\n","timestamp":"2025-03-04T00:40:54.765Z"}
{"level":"info","message":"Método - GET Url - /api/matches Status - 500 Tempo - 8.603 ms\n","timestamp":"2025-03-04T00:41:02.268Z"}
{"level":"info","message":"Método - GET Url - /api/matches Status - 500 Tempo - 0.870 ms\n","timestamp":"2025-03-04T00:41:03.660Z"}
{"level":"info","message":"Método - GET Url - /api/matches Status - 500 Tempo - 6.890 ms\n","timestamp":"2025-03-04T00:44:24.319Z"}
{"level":"info","message":"Método - GET Url - /api/matches/4 Status - 500 Tempo - 9.796 ms\n","timestamp":"2025-03-04T01:18:11.202Z"}
{"level":"info","message":"Método - GET Url - /api/matches/4 Status - 500 Tempo - 3.483 ms\n","timestamp":"2025-03-04T01:18:11.983Z"}
{"level":"info","message":"Método - GET Url - /api/matches/4 Status - 500 Tempo - 7.904 ms\n","timestamp":"2025-03-04T01:18:23.604Z"}
{"level":"info","message":"Método - GET Url - /api/matches/4 Status - 500 Tempo - 2.904 ms\n","timestamp":"2025-03-04T01:18:48.229Z"}
{"level":"info","message":"Método - GET Url - /api/matches/4 Status - 500 Tempo - 10.411 ms\n","timestamp":"2025-03-04T01:19:55.268Z"}
{"level":"info","message":"Método - GET Url - /api/matches/4 Status - 500 Tempo - 11.730 ms\n","timestamp":"2025-03-04T01:20:15.249Z"}
{"level":"info","message":"Método - GET Url - /api/matches/4 Status - 200 Tempo - 18.251 ms\n","timestamp":"2025-03-04T01:20:23.871Z"}
{"level":"info","message":"Método - GET Url - /api/matches/4 Status - 500 Tempo - 7.142 ms\n","timestamp":"2025-03-04T01:22:14.227Z"}
{"level":"info","message":"Método - GET Url - /api/matches/4 Status - 200 Tempo - 12.612 ms\n","timestamp":"2025-03-04T01:23:50.691Z"}
{"level":"info","message":"Método - GET Url - /api/matches/4 Status - 200 Tempo - 4.200 ms\n","timestamp":"2025-03-04T01:23:51.499Z"}
{"level":"info","message":"Método - GET Url - /api/matches/4 Status - 200 Tempo - 13.360 ms\n","timestamp":"2025-03-04T01:24:20.200Z"}
{"level":"info","message":"Método - GET Url - /api/matches/4 Status - 500 Tempo - 12.787 ms\n","timestamp":"2025-03-04T01:24:28.496Z"}
{"level":"info","message":"Método - GET Url - /api/matches/4 Status - 500 Tempo - 12.892 ms\n","timestamp":"2025-03-04T01:25:28.985Z"}
{"level":"info","message":"Método - GET Url - /api/matches/4 Status - 500 Tempo - 10.848 ms\n","timestamp":"2025-03-04T01:25:35.361Z"}
{"level":"info","message":"Método - GET Url - /api/matches/4 Status - 200 Tempo - 9.732 ms\n","timestamp":"2025-03-04T01:25:42.569Z"}
{"level":"info","message":"Método - POST Url - /api/players Status - 500 Tempo - 40.130 ms\n","timestamp":"2025-03-04T01:29:34.626Z"}
{"level":"info","message":"Método - POST Url - /api/players Status - 500 Tempo - 7.857 ms\n","timestamp":"2025-03-04T01:30:01.389Z"}
{"level":"info","message":"Método - POST Url - /api/players Status - 500 Tempo - 13.167 ms\n","timestamp":"2025-03-04T01:30:11.244Z"}
{"level":"info","message":"Método - POST Url - /api/players Status - 200 Tempo - 12.773 ms\n","timestamp":"2025-03-04T01:30:44.035Z"}
{"level":"info","message":"Método - POST Url - /api/teams Status - 404 Tempo - 2.903 ms\n","timestamp":"2025-03-04T01:30:52.023Z"}
{"level":"info","message":"Método - POST Url - /api/teams Status - 200 Tempo - 40.316 ms\n","timestamp":"2025-03-04T01:30:54.841Z"}
{"level":"info","message":"Método - POST Url - /api/players/teams Status - 200 Tempo - 39.403 ms\n","timestamp":"2025-03-04T01:31:06.820Z"}
{"level":"info","message":"Método - POST Url - /api/matches Status - 201 Tempo - 26.558 ms\n","timestamp":"2025-03-04T01:31:18.117Z"}
{"level":"info","message":"Método - GET Url - /api/matches/1 Status - 200 Tempo - 5.363 ms\n","timestamp":"2025-03-04T01:31:27.330Z"}
{"level":"info","message":"Método - POST Url - /api/teams Status - 200 Tempo - 25.998 ms\n","timestamp":"2025-03-04T01:31:44.092Z"}
{"level":"info","message":"Método - PUT Url - /api/matches/10 Status - 404 Tempo - 3.410 ms\n","timestamp":"2025-03-04T01:31:49.341Z"}
{"level":"info","message":"Método - PUT Url - /api/matches/1 Status - 204 Tempo - 13.744 ms\n","timestamp":"2025-03-04T01:31:52.785Z"}
{"level":"info","message":"Método - GET Url - /api/matches/1 Status - 200 Tempo - 28.226 ms\n","timestamp":"2025-03-04T01:32:04.035Z"}
{"level":"info","message":"Método - GET Url - /api/matches/1 Status - 500 Tempo - 8.771 ms\n","timestamp":"2025-03-04T01:32:16.533Z"}
{"level":"info","message":"Método - GET Url - /api/matches/1 Status - 500 Tempo - 2.774 ms\n","timestamp":"2025-03-04T01:32:17.979Z"}
{"level":"info","message":"Método - GET Url - /api/matches/1 Status - 500 Tempo - 8.633 ms\n","timestamp":"2025-03-04T01:32:39.986Z"}
{"level":"info","message":"Método - GET Url - /api/matches/1 Status - 500 Tempo - 7.151 ms\n","timestamp":"2025-03-04T01:32:57.636Z"}
{"level":"info","message":"Método - GET Url - /api/matches/1 Status - 500 Tempo - 11.254 ms\n","timestamp":"2025-03-04T01:33:11.248Z"}
{"level":"info","message":"Método - GET Url - /api/matches/1 Status - 500 Tempo - 10.016 ms\n","timestamp":"2025-03-04T01:34:40.892Z"}
{"level":"info","message":"Método - GET Url - /api/matches/1 Status - 200 Tempo - 17.967 ms\n","timestamp":"2025-03-04T01:34:47.602Z"}
{"level":"info","message":"Método - GET Url - /api/matches/1 Status - 500 Tempo - 7.169 ms\n","timestamp":"2025-03-04T01:35:41.139Z"}
{"level":"info","message":"Método - GET Url - /api/matches/1 Status - 500 Tempo - 7.381 ms\n","timestamp":"2025-03-04T01:35:44.430Z"}
{"level":"info","message":"Método - GET Url - /api/matches Status - 200 Tempo - 15.798 ms\n","timestamp":"2025-03-04T01:36:09.250Z"}
{"level":"info","message":"Método - GET Url - /api/matches Status - 500 Tempo - 16.782 ms\n","timestamp":"2025-03-04T01:36:41.048Z"}
{"level":"info","message":"Método - GET Url - /api/matches Status - 200 Tempo - 7.395 ms\n","timestamp":"2025-03-04T01:36:47.735Z"}
{"level":"info","message":"Método - PUT Url - /api/matches/1 Status - 500 Tempo - 20.398 ms\n","timestamp":"2025-03-04T01:37:34.542Z"}
{"level":"info","message":"Método - GET Url - /api/players/dc0546c8-e3fb-4898-8e56-9fad126f13a3 Status - 200 Tempo - 48.105 ms\n","timestamp":"2025-03-04T01:38:12.093Z"}
{"level":"info","message":"Método - PUT Url - /api/matches/1 Status - 500 Tempo - 7.018 ms\n","timestamp":"2025-03-04T01:38:21.194Z"}
{"level":"info","message":"Método - PUT Url - /api/matches/1 Status - 500 Tempo - 11.782 ms\n","timestamp":"2025-03-04T01:38:37.048Z"}
{"level":"info","message":"Método - PUT Url - /api/matches/1 Status - 500 Tempo - 2.418 ms\n","timestamp":"2025-03-04T01:38:37.855Z"}
{"level":"info","message":"Método - PUT Url - /api/matches/1 Status - 500 Tempo - 28.033 ms\n","timestamp":"2025-03-04T01:39:03.201Z"}
{"level":"info","message":"Método - PUT Url - /api/matches/1 Status - 500 Tempo - 6.528 ms\n","timestamp":"2025-03-04T01:39:04.087Z"}
{"level":"info","message":"Método - PUT Url - /api/matches/1 Status - 500 Tempo - 5.477 ms\n","timestamp":"2025-03-04T01:39:04.872Z"}
{"level":"info","message":"Método - PUT Url - /api/matches/1 Status - 500 Tempo - 5.997 ms\n","timestamp":"2025-03-04T01:39:05.752Z"}
{"level":"info","message":"Método - PUT Url - /api/matches/1 Status - 500 Tempo - 31.125 ms\n","timestamp":"2025-03-04T01:39:18.186Z"}
{"level":"info","message":"Método - PUT Url - /api/matches/1 Status - 500 Tempo - 4.489 ms\n","timestamp":"2025-03-04T01:39:21.774Z"}
{"level":"info","message":"Método - PUT Url - /api/matches/1 Status - 500 Tempo - 15.142 ms\n","timestamp":"2025-03-04T01:40:25.103Z"}
{"level":"info","message":"Método - PUT Url - /api/matches/3 Status - 500 Tempo - 11.477 ms\n","timestamp":"2025-03-04T01:40:40.053Z"}
{"level":"info","message":"Método - PUT Url - /api/matches/1 Status - 500 Tempo - 6.513 ms\n","timestamp":"2025-03-04T01:40:42.671Z"}
{"level":"info","message":"Método - POST Url - /api/matches Status - 201 Tempo - 15.046 ms\n","timestamp":"2025-03-04T01:40:46.406Z"}
{"level":"info","message":"Método - PUT Url - /api/matches/2 Status - 500 Tempo - 30.256 ms\n","timestamp":"2025-03-04T01:41:16.578Z"}
{"level":"info","message":"Método - PUT Url - /api/matches/2 Status - 500 Tempo - 3.183 ms\n","timestamp":"2025-03-04T01:41:22.072Z"}
{"level":"info","message":"Método - GET Url - /api/matches/1 Status - 500 Tempo - 28.039 ms\n","timestamp":"2025-03-04T01:41:40.218Z"}
{"level":"info","message":"Método - GET Url - /api/matches/1 Status - 500 Tempo - 4.111 ms\n","timestamp":"2025-03-04T01:41:42.176Z"}
{"level":"info","message":"Método - GET Url - /api/matches/1 Status - 200 Tempo - 19.814 ms\n","timestamp":"2025-03-04T01:42:18.671Z"}
{"level":"info","message":"Método - PUT Url - /api/matches/1 Status - 204 Tempo - 12.093 ms\n","timestamp":"2025-03-04T01:42:29.069Z"}
{"level":"info","message":"Método - PUT Url - /api/matches/1 Status - 204 Tempo - 17.681 ms\n","timestamp":"2025-03-04T01:42:37.091Z"}
{"level":"info","message":"Método - PUT Url - /api/matches/1 Status - 204 Tempo - 8.544 ms\n","timestamp":"2025-03-04T01:42:39.560Z"}
{"level":"info","message":"Método - PUT Url - /api/matches/1 Status - 204 Tempo - 22.783 ms\n","timestamp":"2025-03-04T01:42:59.699Z"}
{"level":"info","message":"Método - GET Url - /api/matches/1 Status - 200 Tempo - 27.388 ms\n","timestamp":"2025-03-04T01:43:09.913Z"}
{"level":"info","message":"Método - GET Url - /api/matches/1 Status - 500 Tempo - 10.765 ms\n","timestamp":"2025-03-04T01:43:14.950Z"}
{"level":"info","message":"Método - GET Url - /api/matches/1 Status - 500 Tempo - 6.567 ms\n","timestamp":"2025-03-04T01:43:15.872Z"}
{"level":"info","message":"Método - GET Url - /api/matches/1 Status - 200 Tempo - 23.229 ms\n","timestamp":"2025-03-04T01:45:16.442Z"}
{"level":"info","message":"Método - GET Url - /api/matches/1 Status - 500 Tempo - 8.710 ms\n","timestamp":"2025-03-04T01:46:14.004Z"}
{"level":"info","message":"Método - GET Url - /api/matches/1 Status - 500 Tempo - 3.964 ms\n","timestamp":"2025-03-04T01:46:14.876Z"}
{"level":"info","message":"Método - GET Url - /api/matches/1 Status - 500 Tempo - 2.723 ms\n","timestamp":"2025-03-04T01:46:15.512Z"}
{"level":"info","message":"Método - GET Url - /api/matches/1 Status - 500 Tempo - 5.695 ms\n","timestamp":"2025-03-04T01:46:15.968Z"}
{"level":"info","message":"Método - GET Url - /api/matches/1 Status - 500 Tempo - 11.576 ms\n","timestamp":"2025-03-04T01:46:23.449Z"}
{"level":"info","message":"Método - GET Url - /api/matches/1 Status - 500 Tempo - 17.758 ms\n","timestamp":"2025-03-04T01:46:35.451Z"}
{"level":"info","message":"Método - GET Url - /api/matches/1 Status - 500 Tempo - 8.012 ms\n","timestamp":"2025-03-04T01:46:36.144Z"}
{"level":"info","message":"Método - GET Url - /api/matches/1 Status - 500 Tempo - 15.928 ms\n","timestamp":"2025-03-04T01:46:48.312Z"}
{"level":"info","message":"Método - GET Url - /api/matches/1 Status - 500 Tempo - 2.827 ms\n","timestamp":"2025-03-04T01:46:49.019Z"}
{"level":"info","message":"Método - GET Url - /api/matches Status - 200 Tempo - 20.287 ms\n","timestamp":"2025-03-04T01:46:58.867Z"}
{"level":"info","message":"Método - GET Url - /api/matches Status - 500 Tempo - 12.454 ms\n","timestamp":"2025-03-04T01:47:12.611Z"}
{"level":"info","message":"Método - GET Url - /api/matches Status - 500 Tempo - 5.920 ms\n","timestamp":"2025-03-04T01:47:13.403Z"}
{"level":"info","message":"Método - GET Url - /api/matches Status - 200 Tempo - 18.282 ms\n","timestamp":"2025-03-04T01:47:37.126Z"}
{"level":"info","message":"Método - GET Url - /api/matches Status - 200 Tempo - 7.645 ms\n","timestamp":"2025-03-04T01:47:38.164Z"}
{"level":"info","message":"Método - GET Url - /api/matches Status - 200 Tempo - 19.874 ms\n","timestamp":"2025-03-04T01:47:47.913Z"}
{"level":"info","message":"Método - GET Url - /api/matches Status - 200 Tempo - 23.491 ms\n","timestamp":"2025-03-04T01:48:08.842Z"}
{"level":"info","message":"Método - GET Url - /api/matches Status - 200 Tempo - 8.810 ms\n","timestamp":"2025-03-04T01:48:11.118Z"}
{"level":"info","message":"Método - GET Url - /api/matches/1 Status - 500 Tempo - 7.045 ms\n","timestamp":"2025-03-04T01:48:43.227Z"}
{"level":"info","message":"Método - GET Url - /api/matches/1 Status - 500 Tempo - 6.042 ms\n","timestamp":"2025-03-04T01:48:43.936Z"}
{"level":"info","message":"Método - GET Url - /api/matches/1 Status - 500 Tempo - 17.900 ms\n","timestamp":"2025-03-04T01:52:23.422Z"}
{"level":"info","message":"Método - GET Url - /api/matches/1 Status - 500 Tempo - 8.293 ms\n","timestamp":"2025-03-04T01:52:24.264Z"}
{"level":"info","message":"Método - GET Url - /api/matches/1 Status - 200 Tempo - 22.264 ms\n","timestamp":"2025-03-04T01:52:39.674Z"}
{"level":"info","message":"Método - GET Url - /api/matches Status - 200 Tempo - 14.404 ms\n","timestamp":"2025-03-04T01:53:00.507Z"}
{"level":"info","message":"Método - GET Url - /api/matches Status - 200 Tempo - 21.642 ms\n","timestamp":"2025-03-04T01:53:48.153Z"}
{"level":"info","message":"Método - GET Url - /api/matches Status - 200 Tempo - 21.317 ms\n","timestamp":"2025-03-04T01:54:31.796Z"}
{"level":"info","message":"Método - GET Url - /api/matches Status - 200 Tempo - 9.522 ms\n","timestamp":"2025-03-04T01:54:32.480Z"}
{"level":"info","message":"Método - GET Url - /api/matches Status - 200 Tempo - 8.800 ms\n","timestamp":"2025-03-04T01:54:33.027Z"}
{"level":"info","message":"Método - GET Url - /api/matches Status - 200 Tempo - 11.407 ms\n","timestamp":"2025-03-04T01:54:41.661Z"}
